# JRE version: Java(TM) SE Runtime Environment (8.0_201-b09) (build 1.8.0_201-b09)
# Java VM: Java HotSpot(TM) 64-Bit Server VM (25.201-b09 mixed mode bsd-amd64 compressed oops)
Heap:
 PSYoungGen      total 573440K, used 193104K [0x000000076ab00000, 0x000000078eb00000, 0x00000007c0000000)
  eden space 566272K, 33% used [0x000000076ab00000,0x00000007765e6630,0x000000078d400000)
  from space 7168K, 23% used [0x000000078e400000,0x000000078e5adb38,0x000000078eb00000)
  to   space 11776K, 0% used [0x000000078d400000,0x000000078d400000,0x000000078df80000)
 ParOldGen       total 99328K, used 15082K [0x00000006c0000000, 0x00000006c6100000, 0x000000076ab00000)
  object space 99328K, 15% used [0x00000006c0000000,0x00000006c0ebabd0,0x00000006c6100000)
 Metaspace       used 25190K, capacity 25706K, committed 25984K, reserved 1073152K
  class space    used 2738K, capacity 2868K, committed 2944K, reserved 1048576K
GC Heap History (10 events):
Event: 3.143 GC heap before
{Heap before GC invocations=7 (full 1):
 PSYoungGen      total 110592K, used 105853K [0x000000076ab00000, 0x0000000777800000, 0x00000007c0000000)
  eden space 99840K, 99% used [0x000000076ab00000,0x0000000770c78390,0x0000000770c80000)
  from space 10752K, 56% used [0x0000000770c80000,0x0000000771267188,0x0000000771700000)
  to   space 9728K, 0% used [0x0000000776e80000,0x0000000776e80000,0x0000000777800000)
 ParOldGen       total 99328K, used 6530K [0x00000006c0000000, 0x00000006c6100000, 0x000000076ab00000)
  object space 99328K, 6% used [0x00000006c0000000,0x00000006c06609c0,0x00000006c6100000)
 Metaspace       used 23808K, capacity 24236K, committed 24576K, reserved 1071104K
  class space    used 2637K, capacity 2775K, committed 2816K, reserved 1048576K
Event: 3.159 GC heap after
Heap after GC invocations=7 (full 1):
 PSYoungGen      total 200192K, used 6056K [0x000000076ab00000, 0x0000000777b80000, 0x00000007c0000000)
  eden space 190464K, 0% used [0x000000076ab00000,0x000000076ab00000,0x0000000776500000)
  from space 9728K, 62% used [0x0000000776e80000,0x000000077746a1a8,0x0000000777800000)
  to   space 9728K, 0% used [0x0000000776500000,0x0000000776500000,0x0000000776e80000)
 ParOldGen       total 99328K, used 6530K [0x00000006c0000000, 0x00000006c6100000, 0x000000076ab00000)
  object space 99328K, 6% used [0x00000006c0000000,0x00000006c06609c0,0x00000006c6100000)
 Metaspace       used 23808K, capacity 24236K, committed 24576K, reserved 1071104K
  class space    used 2637K, capacity 2775K, committed 2816K, reserved 1048576K
}
Event: 3.309 GC heap before
{Heap before GC invocations=8 (full 1):
 PSYoungGen      total 200192K, used 196520K [0x000000076ab00000, 0x0000000777b80000, 0x00000007c0000000)
  eden space 190464K, 100% used [0x000000076ab00000,0x0000000776500000,0x0000000776500000)
  from space 9728K, 62% used [0x0000000776e80000,0x000000077746a1a8,0x0000000777800000)
  to   space 9728K, 0% used [0x0000000776500000,0x0000000776500000,0x0000000776e80000)
 ParOldGen       total 99328K, used 6530K [0x00000006c0000000, 0x00000006c6100000, 0x000000076ab00000)
  object space 99328K, 6% used [0x00000006c0000000,0x00000006c06609c0,0x00000006c6100000)
 Metaspace       used 23813K, capacity 24236K, committed 24576K, reserved 1071104K
  class space    used 2637K, capacity 2775K, committed 2816K, reserved 1048576K
Event: 3.319 GC heap after
Heap after GC invocations=8 (full 1):
 PSYoungGen      total 200192K, used 9705K [0x000000076ab00000, 0x0000000782780000, 0x00000007c0000000)
  eden space 190464K, 0% used [0x000000076ab00000,0x000000076ab00000,0x0000000776500000)
  from space 9728K, 99% used [0x0000000776500000,0x0000000776e7a548,0x0000000776e80000)
  to   space 10752K, 0% used [0x0000000781d00000,0x0000000781d00000,0x0000000782780000)
 ParOldGen       total 99328K, used 7226K [0x00000006c0000000, 0x00000006c6100000, 0x000000076ab00000)
  object space 99328K, 7% used [0x00000006c0000000,0x00000006c070e9c0,0x00000006c6100000)
 Metaspace       used 23813K, capacity 24236K, committed 24576K, reserved 1071104K
  class space    used 2637K, capacity 2775K, committed 2816K, reserved 1048576K
}
Event: 3.356 GC heap before
{Heap before GC invocations=9 (full 1):
 PSYoungGen      total 200192K, used 200169K [0x000000076ab00000, 0x0000000782780000, 0x00000007c0000000)
  eden space 190464K, 100% used [0x000000076ab00000,0x0000000776500000,0x0000000776500000)
  from space 9728K, 99% used [0x0000000776500000,0x0000000776e7a548,0x0000000776e80000)
  to   space 10752K, 0% used [0x0000000781d00000,0x0000000781d00000,0x0000000782780000)
 ParOldGen       total 99328K, used 7226K [0x00000006c0000000, 0x00000006c6100000, 0x000000076ab00000)
  object space 99328K, 7% used [0x00000006c0000000,0x00000006c070e9c0,0x00000006c6100000)
 Metaspace       used 23813K, capacity 24236K, committed 24576K, reserved 1071104K
  class space    used 2637K, capacity 2775K, committed 2816K, reserved 1048576K
Event: 3.366 GC heap after
Heap after GC invocations=9 (full 1):
 PSYoungGen      total 378880K, used 5075K [0x000000076ab00000, 0x0000000782880000, 0x00000007c0000000)
  eden space 368128K, 0% used [0x000000076ab00000,0x000000076ab00000,0x0000000781280000)
  from space 10752K, 47% used [0x0000000781d00000,0x00000007821f4c08,0x0000000782780000)
  to   space 10752K, 0% used [0x0000000781280000,0x0000000781280000,0x0000000781d00000)
 ParOldGen       total 99328K, used 11865K [0x00000006c0000000, 0x00000006c6100000, 0x000000076ab00000)
  object space 99328K, 11% used [0x00000006c0000000,0x00000006c0b96548,0x00000006c6100000)
 Metaspace       used 23813K, capacity 24236K, committed 24576K, reserved 1071104K
  class space    used 2637K, capacity 2775K, committed 2816K, reserved 1048576K
}
Event: 3.778 GC heap before
{Heap before GC invocations=10 (full 1):
 PSYoungGen      total 378880K, used 373203K [0x000000076ab00000, 0x0000000782880000, 0x00000007c0000000)
  eden space 368128K, 100% used [0x000000076ab00000,0x0000000781280000,0x0000000781280000)
  from space 10752K, 47% used [0x0000000781d00000,0x00000007821f4c08,0x0000000782780000)
  to   space 10752K, 0% used [0x0000000781280000,0x0000000781280000,0x0000000781d00000)
 ParOldGen       total 99328K, used 11865K [0x00000006c0000000, 0x00000006c6100000, 0x000000076ab00000)
  object space 99328K, 11% used [0x00000006c0000000,0x00000006c0b96548,0x00000006c6100000)
 Metaspace       used 24571K, capacity 25050K, committed 25472K, reserved 1071104K
  class space    used 2706K, capacity 2852K, committed 2944K, reserved 1048576K
Event: 3.784 GC heap after
Heap after GC invocations=10 (full 1):
 PSYoungGen      total 378880K, used 3631K [0x000000076ab00000, 0x000000078ef00000, 0x00000007c0000000)
  eden space 368128K, 0% used [0x000000076ab00000,0x000000076ab00000,0x0000000781280000)
  from space 10752K, 33% used [0x0000000781280000,0x000000078160bc20,0x0000000781d00000)
  to   space 11264K, 0% used [0x000000078e400000,0x000000078e400000,0x000000078ef00000)
 ParOldGen       total 99328K, used 11881K [0x00000006c0000000, 0x00000006c6100000, 0x000000076ab00000)
  object space 99328K, 11% used [0x00000006c0000000,0x00000006c0b9a548,0x00000006c6100000)
 Metaspace       used 24571K, capacity 25050K, committed 25472K, reserved 1071104K
  class space    used 2706K, capacity 2852K, committed 2944K, reserved 1048576K
}
Event: 4.451 GC heap before
{Heap before GC invocations=11 (full 1):
 PSYoungGen      total 378880K, used 371759K [0x000000076ab00000, 0x000000078ef00000, 0x00000007c0000000)
  eden space 368128K, 100% used [0x000000076ab00000,0x0000000781280000,0x0000000781280000)
  from space 10752K, 33% used [0x0000000781280000,0x000000078160bc20,0x0000000781d00000)
  to   space 11264K, 0% used [0x000000078e400000,0x000000078e400000,0x000000078ef00000)
 ParOldGen       total 99328K, used 11881K [0x00000006c0000000, 0x00000006c6100000, 0x000000076ab00000)
  object space 99328K, 11% used [0x00000006c0000000,0x00000006c0b9a548,0x00000006c6100000)
 Metaspace       used 24773K, capacity 25242K, committed 25728K, reserved 1073152K
  class space    used 2714K, capacity 2852K, committed 2944K, reserved 1048576K
Event: 4.457 GC heap after
Heap after GC invocations=11 (full 1):
 PSYoungGen      total 573440K, used 1718K [0x000000076ab00000, 0x000000078eb00000, 0x00000007c0000000)
  eden space 566272K, 0% used [0x000000076ab00000,0x000000076ab00000,0x000000078d400000)
  from space 7168K, 23% used [0x000000078e400000,0x000000078e5adb38,0x000000078eb00000)
  to   space 11776K, 0% used [0x000000078d400000,0x000000078d400000,0x000000078df80000)
 ParOldGen       total 99328K, used 15082K [0x00000006c0000000, 0x00000006c6100000, 0x000000076ab00000)
  object space 99328K, 15% used [0x00000006c0000000,0x00000006c0ebabd0,0x00000006c6100000)
 Metaspace       used 24773K, capacity 25242K, committed 25728K, reserved 1073152K
  class space    used 2714K, capacity 2852K, committed 2944K, reserved 1048576K
}

