# JRE version: Java(TM) SE Runtime Environment (8.0_201-b09) (build 1.8.0_201-b09)
# Java VM: Java HotSpot(TM) 64-Bit Server VM (25.201-b09 mixed mode bsd-amd64 compressed oops)
Heap:
 PSYoungGen      total 416256K, used 161785K [0x000000076ab00000, 0x0000000792980000, 0x00000007c0000000)
  eden space 405504K, 37% used [0x000000076ab00000,0x00000007740de738,0x0000000783700000)
  from space 10752K, 77% used [0x0000000783700000,0x0000000783f1ff58,0x0000000784180000)
  to   space 10752K, 0% used [0x0000000791f00000,0x0000000791f00000,0x0000000792980000)
 ParOldGen       total 92160K, used 11344K [0x00000006c0000000, 0x00000006c5a00000, 0x000000076ab00000)
  object space 92160K, 12% used [0x00000006c0000000,0x00000006c0b140d8,0x00000006c5a00000)
 Metaspace       used 25059K, capacity 25522K, committed 25984K, reserved 1073152K
  class space    used 2729K, capacity 2854K, committed 2944K, reserved 1048576K
GC Heap History (10 events):
Event: 3.082 GC heap before
{Heap before GC invocations=6 (full 1):
 PSYoungGen      total 119296K, used 114600K [0x000000076ab00000, 0x0000000773b80000, 0x00000007c0000000)
  eden space 108544K, 100% used [0x000000076ab00000,0x0000000771500000,0x0000000771500000)
  from space 10752K, 56% used [0x0000000771f80000,0x000000077256a128,0x0000000772a00000)
  to   space 10752K, 0% used [0x0000000771500000,0x0000000771500000,0x0000000771f80000)
 ParOldGen       total 92160K, used 6522K [0x00000006c0000000, 0x00000006c5a00000, 0x000000076ab00000)
  object space 92160K, 7% used [0x00000006c0000000,0x00000006c065e8f8,0x00000006c5a00000)
 Metaspace       used 23790K, capacity 24236K, committed 24576K, reserved 1071104K
  class space    used 2637K, capacity 2775K, committed 2816K, reserved 1048576K
Event: 3.089 GC heap after
Heap after GC invocations=6 (full 1):
 PSYoungGen      total 119296K, used 6047K [0x000000076ab00000, 0x0000000778a80000, 0x00000007c0000000)
  eden space 108544K, 0% used [0x000000076ab00000,0x000000076ab00000,0x0000000771500000)
  from space 10752K, 56% used [0x0000000771500000,0x0000000771ae7d60,0x0000000771f80000)
  to   space 9728K, 0% used [0x0000000778100000,0x0000000778100000,0x0000000778a80000)
 ParOldGen       total 92160K, used 6530K [0x00000006c0000000, 0x00000006c5a00000, 0x000000076ab00000)
  object space 92160K, 7% used [0x00000006c0000000,0x00000006c06608f8,0x00000006c5a00000)
 Metaspace       used 23790K, capacity 24236K, committed 24576K, reserved 1071104K
  class space    used 2637K, capacity 2775K, committed 2816K, reserved 1048576K
}
Event: 3.119 GC heap before
{Heap before GC invocations=7 (full 1):
 PSYoungGen      total 119296K, used 114591K [0x000000076ab00000, 0x0000000778a80000, 0x00000007c0000000)
  eden space 108544K, 100% used [0x000000076ab00000,0x0000000771500000,0x0000000771500000)
  from space 10752K, 56% used [0x0000000771500000,0x0000000771ae7d60,0x0000000771f80000)
  to   space 9728K, 0% used [0x0000000778100000,0x0000000778100000,0x0000000778a80000)
 ParOldGen       total 92160K, used 6530K [0x00000006c0000000, 0x00000006c5a00000, 0x000000076ab00000)
  object space 92160K, 7% used [0x00000006c0000000,0x00000006c06608f8,0x00000006c5a00000)
 Metaspace       used 23790K, capacity 24236K, committed 24576K, reserved 1071104K
  class space    used 2637K, capacity 2775K, committed 2816K, reserved 1048576K
Event: 3.133 GC heap after
Heap after GC invocations=7 (full 1):
 PSYoungGen      total 219136K, used 6083K [0x000000076ab00000, 0x0000000778c80000, 0x00000007c0000000)
  eden space 209408K, 0% used [0x000000076ab00000,0x000000076ab00000,0x0000000777780000)
  from space 9728K, 62% used [0x0000000778100000,0x00000007786f0d48,0x0000000778a80000)
  to   space 9728K, 0% used [0x0000000777780000,0x0000000777780000,0x0000000778100000)
 ParOldGen       total 92160K, used 6530K [0x00000006c0000000, 0x00000006c5a00000, 0x000000076ab00000)
  object space 92160K, 7% used [0x00000006c0000000,0x00000006c06608f8,0x00000006c5a00000)
 Metaspace       used 23790K, capacity 24236K, committed 24576K, reserved 1071104K
  class space    used 2637K, capacity 2775K, committed 2816K, reserved 1048576K
}
Event: 3.248 GC heap before
{Heap before GC invocations=8 (full 1):
 PSYoungGen      total 219136K, used 215491K [0x000000076ab00000, 0x0000000778c80000, 0x00000007c0000000)
  eden space 209408K, 100% used [0x000000076ab00000,0x0000000777780000,0x0000000777780000)
  from space 9728K, 62% used [0x0000000778100000,0x00000007786f0d48,0x0000000778a80000)
  to   space 9728K, 0% used [0x0000000777780000,0x0000000777780000,0x0000000778100000)
 ParOldGen       total 92160K, used 6530K [0x00000006c0000000, 0x00000006c5a00000, 0x000000076ab00000)
  object space 92160K, 7% used [0x00000006c0000000,0x00000006c06608f8,0x00000006c5a00000)
 Metaspace       used 23795K, capacity 24236K, committed 24576K, reserved 1071104K
  class space    used 2637K, capacity 2775K, committed 2816K, reserved 1048576K
Event: 3.257 GC heap after
Heap after GC invocations=8 (full 1):
 PSYoungGen      total 219136K, used 9712K [0x000000076ab00000, 0x0000000784c00000, 0x00000007c0000000)
  eden space 209408K, 0% used [0x000000076ab00000,0x000000076ab00000,0x0000000777780000)
  from space 9728K, 99% used [0x0000000777780000,0x00000007780fc3f8,0x0000000778100000)
  to   space 10752K, 0% used [0x0000000784180000,0x0000000784180000,0x0000000784c00000)
 ParOldGen       total 92160K, used 7146K [0x00000006c0000000, 0x00000006c5a00000, 0x000000076ab00000)
  object space 92160K, 7% used [0x00000006c0000000,0x00000006c06fa8f8,0x00000006c5a00000)
 Metaspace       used 23795K, capacity 24236K, committed 24576K, reserved 1071104K
  class space    used 2637K, capacity 2775K, committed 2816K, reserved 1048576K
}
Event: 3.281 GC heap before
{Heap before GC invocations=9 (full 1):
 PSYoungGen      total 219136K, used 219120K [0x000000076ab00000, 0x0000000784c00000, 0x00000007c0000000)
  eden space 209408K, 100% used [0x000000076ab00000,0x0000000777780000,0x0000000777780000)
  from space 9728K, 99% used [0x0000000777780000,0x00000007780fc3f8,0x0000000778100000)
  to   space 10752K, 0% used [0x0000000784180000,0x0000000784180000,0x0000000784c00000)
 ParOldGen       total 92160K, used 7146K [0x00000006c0000000, 0x00000006c5a00000, 0x000000076ab00000)
  object space 92160K, 7% used [0x00000006c0000000,0x00000006c06fa8f8,0x00000006c5a00000)
 Metaspace       used 23795K, capacity 24236K, committed 24576K, reserved 1071104K
  class space    used 2637K, capacity 2775K, committed 2816K, reserved 1048576K
Event: 3.289 GC heap after
Heap after GC invocations=9 (full 1):
 PSYoungGen      total 416256K, used 5648K [0x000000076ab00000, 0x0000000784e00000, 0x00000007c0000000)
  eden space 405504K, 0% used [0x000000076ab00000,0x000000076ab00000,0x0000000783700000)
  from space 10752K, 52% used [0x0000000784180000,0x0000000784704168,0x0000000784c00000)
  to   space 10752K, 0% used [0x0000000783700000,0x0000000783700000,0x0000000784180000)
 ParOldGen       total 92160K, used 11320K [0x00000006c0000000, 0x00000006c5a00000, 0x000000076ab00000)
  object space 92160K, 12% used [0x00000006c0000000,0x00000006c0b0e0d8,0x00000006c5a00000)
 Metaspace       used 23795K, capacity 24236K, committed 24576K, reserved 1071104K
  class space    used 2637K, capacity 2775K, committed 2816K, reserved 1048576K
}
Event: 4.231 GC heap before
{Heap before GC invocations=10 (full 1):
 PSYoungGen      total 416256K, used 411152K [0x000000076ab00000, 0x0000000784e00000, 0x00000007c0000000)
  eden space 405504K, 100% used [0x000000076ab00000,0x0000000783700000,0x0000000783700000)
  from space 10752K, 52% used [0x0000000784180000,0x0000000784704168,0x0000000784c00000)
  to   space 10752K, 0% used [0x0000000783700000,0x0000000783700000,0x0000000784180000)
 ParOldGen       total 92160K, used 11320K [0x00000006c0000000, 0x00000006c5a00000, 0x000000076ab00000)
  object space 92160K, 12% used [0x00000006c0000000,0x00000006c0b0e0d8,0x00000006c5a00000)
 Metaspace       used 24763K, capacity 25242K, committed 25728K, reserved 1073152K
  class space    used 2719K, capacity 2852K, committed 2944K, reserved 1048576K
Event: 4.237 GC heap after
Heap after GC invocations=10 (full 1):
 PSYoungGen      total 416256K, used 8319K [0x000000076ab00000, 0x0000000792980000, 0x00000007c0000000)
  eden space 405504K, 0% used [0x000000076ab00000,0x000000076ab00000,0x0000000783700000)
  from space 10752K, 77% used [0x0000000783700000,0x0000000783f1ff58,0x0000000784180000)
  to   space 10752K, 0% used [0x0000000791f00000,0x0000000791f00000,0x0000000792980000)
 ParOldGen       total 92160K, used 11344K [0x00000006c0000000, 0x00000006c5a00000, 0x000000076ab00000)
  object space 92160K, 12% used [0x00000006c0000000,0x00000006c0b140d8,0x00000006c5a00000)
 Metaspace       used 24763K, capacity 25242K, committed 25728K, reserved 1073152K
  class space    used 2719K, capacity 2852K, committed 2944K, reserved 1048576K
}

